<?xml version="1.0" encoding="UTF-8"?>
<testsuite xmlns:xsi="http://www.w3.org/2001/XMLSchema-instance" xsi:noNamespaceSchemaLocation="https://maven.apache.org/surefire/maven-surefire-plugin/xsd/surefire-test-report-3.0.xsd" version="3.0" name="ru.netology.statistic.StatisticsServiceTest" time="0.099" tests="2" errors="0" skipped="0" failures="0">
  <properties>
    <property name="java.specification.version" value="14"/>
    <property name="sun.cpu.isalist" value="amd64"/>
    <property name="sun.jnu.encoding" value="Cp1251"/>
    <property name="java.class.path" value="C:\Users\olnat\Downloads\javaqa-code-master\javaqa-code-master\statisticPlugin\target\test-classes;C:\Users\olnat\Downloads\javaqa-code-master\javaqa-code-master\statisticPlugin\target\classes;C:\Users\olnat\.m2\repository\org\junit\jupiter\junit-jupiter\5.4.2\junit-jupiter-5.4.2.jar;C:\Users\olnat\.m2\repository\org\junit\jupiter\junit-jupiter-api\5.4.2\junit-jupiter-api-5.4.2.jar;C:\Users\olnat\.m2\repository\org\apiguardian\apiguardian-api\1.0.0\apiguardian-api-1.0.0.jar;C:\Users\olnat\.m2\repository\org\opentest4j\opentest4j\1.1.1\opentest4j-1.1.1.jar;C:\Users\olnat\.m2\repository\org\junit\platform\junit-platform-commons\1.4.2\junit-platform-commons-1.4.2.jar;C:\Users\olnat\.m2\repository\org\junit\jupiter\junit-jupiter-params\5.4.2\junit-jupiter-params-5.4.2.jar;C:\Users\olnat\.m2\repository\org\junit\jupiter\junit-jupiter-engine\5.4.2\junit-jupiter-engine-5.4.2.jar;C:\Users\olnat\.m2\repository\org\junit\platform\junit-platform-engine\1.4.2\junit-platform-engine-1.4.2.jar;C:\Users\olnat\.m2\repository\junit\junit\4.13.1\junit-4.13.1.jar;C:\Users\olnat\.m2\repository\org\hamcrest\hamcrest-core\1.3\hamcrest-core-1.3.jar;C:\Users\olnat\.m2\repository\com\github\spotbugs\spotbugs\4.1.3\spotbugs-4.1.3.jar;C:\Users\olnat\.m2\repository\org\ow2\asm\asm\8.0.1\asm-8.0.1.jar;C:\Users\olnat\.m2\repository\org\ow2\asm\asm-analysis\8.0.1\asm-analysis-8.0.1.jar;C:\Users\olnat\.m2\repository\org\ow2\asm\asm-commons\8.0.1\asm-commons-8.0.1.jar;C:\Users\olnat\.m2\repository\org\ow2\asm\asm-tree\8.0.1\asm-tree-8.0.1.jar;C:\Users\olnat\.m2\repository\org\ow2\asm\asm-util\8.0.1\asm-util-8.0.1.jar;C:\Users\olnat\.m2\repository\org\apache\bcel\bcel\6.5.0\bcel-6.5.0.jar;C:\Users\olnat\.m2\repository\net\jcip\jcip-annotations\1.0\jcip-annotations-1.0.jar;C:\Users\olnat\.m2\repository\org\dom4j\dom4j\2.1.3\dom4j-2.1.3.jar;C:\Users\olnat\.m2\repository\org\apache\commons\commons-lang3\3.11\commons-lang3-3.11.jar;C:\Users\olnat\.m2\repository\org\apache\commons\commons-text\1.9\commons-text-1.9.jar;C:\Users\olnat\.m2\repository\org\slf4j\slf4j-api\1.8.0-beta4\slf4j-api-1.8.0-beta4.jar;C:\Users\olnat\.m2\repository\com\github\spotbugs\spotbugs-annotations\4.1.3\spotbugs-annotations-4.1.3.jar;C:\Users\olnat\.m2\repository\com\google\code\findbugs\jsr305\3.0.2\jsr305-3.0.2.jar;C:\Users\olnat\.m2\repository\org\json\json\20200518\json-20200518.jar;C:\Users\olnat\.m2\repository\jaxen\jaxen\1.1.6\jaxen-1.1.6.jar;C:\Users\olnat\.m2\repository\net\sf\saxon\Saxon-HE\10.1\Saxon-HE-10.1.jar;"/>
    <property name="java.vm.vendor" value="Oracle Corporation"/>
    <property name="sun.arch.data.model" value="64"/>
    <property name="user.variant" value=""/>
    <property name="java.vendor.url" value="https://java.oracle.com/"/>
    <property name="user.timezone" value="Asia/Novosibirsk"/>
    <property name="os.name" value="Windows 10"/>
    <property name="java.vm.specification.version" value="14"/>
    <property name="sun.java.launcher" value="SUN_STANDARD"/>
    <property name="user.country" value="RU"/>
    <property name="sun.boot.library.path" value="C:\Program Files\Java\jdk-14.0.2\bin"/>
    <property name="sun.java.command" value="C:\Users\olnat\AppData\Local\Temp\surefire2283638073877851339\surefirebooter13577640584980892069.jar C:\Users\olnat\AppData\Local\Temp\surefire2283638073877851339 2020-10-13T17-36-41_289-jvmRun1 surefire17779965901128372864tmp surefire_010236663810728588038tmp"/>
    <property name="jdk.debug" value="release"/>
    <property name="surefire.test.class.path" value="C:\Users\olnat\Downloads\javaqa-code-master\javaqa-code-master\statisticPlugin\target\test-classes;C:\Users\olnat\Downloads\javaqa-code-master\javaqa-code-master\statisticPlugin\target\classes;C:\Users\olnat\.m2\repository\org\junit\jupiter\junit-jupiter\5.4.2\junit-jupiter-5.4.2.jar;C:\Users\olnat\.m2\repository\org\junit\jupiter\junit-jupiter-api\5.4.2\junit-jupiter-api-5.4.2.jar;C:\Users\olnat\.m2\repository\org\apiguardian\apiguardian-api\1.0.0\apiguardian-api-1.0.0.jar;C:\Users\olnat\.m2\repository\org\opentest4j\opentest4j\1.1.1\opentest4j-1.1.1.jar;C:\Users\olnat\.m2\repository\org\junit\platform\junit-platform-commons\1.4.2\junit-platform-commons-1.4.2.jar;C:\Users\olnat\.m2\repository\org\junit\jupiter\junit-jupiter-params\5.4.2\junit-jupiter-params-5.4.2.jar;C:\Users\olnat\.m2\repository\org\junit\jupiter\junit-jupiter-engine\5.4.2\junit-jupiter-engine-5.4.2.jar;C:\Users\olnat\.m2\repository\org\junit\platform\junit-platform-engine\1.4.2\junit-platform-engine-1.4.2.jar;C:\Users\olnat\.m2\repository\junit\junit\4.13.1\junit-4.13.1.jar;C:\Users\olnat\.m2\repository\org\hamcrest\hamcrest-core\1.3\hamcrest-core-1.3.jar;C:\Users\olnat\.m2\repository\com\github\spotbugs\spotbugs\4.1.3\spotbugs-4.1.3.jar;C:\Users\olnat\.m2\repository\org\ow2\asm\asm\8.0.1\asm-8.0.1.jar;C:\Users\olnat\.m2\repository\org\ow2\asm\asm-analysis\8.0.1\asm-analysis-8.0.1.jar;C:\Users\olnat\.m2\repository\org\ow2\asm\asm-commons\8.0.1\asm-commons-8.0.1.jar;C:\Users\olnat\.m2\repository\org\ow2\asm\asm-tree\8.0.1\asm-tree-8.0.1.jar;C:\Users\olnat\.m2\repository\org\ow2\asm\asm-util\8.0.1\asm-util-8.0.1.jar;C:\Users\olnat\.m2\repository\org\apache\bcel\bcel\6.5.0\bcel-6.5.0.jar;C:\Users\olnat\.m2\repository\net\jcip\jcip-annotations\1.0\jcip-annotations-1.0.jar;C:\Users\olnat\.m2\repository\org\dom4j\dom4j\2.1.3\dom4j-2.1.3.jar;C:\Users\olnat\.m2\repository\org\apache\commons\commons-lang3\3.11\commons-lang3-3.11.jar;C:\Users\olnat\.m2\repository\org\apache\commons\commons-text\1.9\commons-text-1.9.jar;C:\Users\olnat\.m2\repository\org\slf4j\slf4j-api\1.8.0-beta4\slf4j-api-1.8.0-beta4.jar;C:\Users\olnat\.m2\repository\com\github\spotbugs\spotbugs-annotations\4.1.3\spotbugs-annotations-4.1.3.jar;C:\Users\olnat\.m2\repository\com\google\code\findbugs\jsr305\3.0.2\jsr305-3.0.2.jar;C:\Users\olnat\.m2\repository\org\json\json\20200518\json-20200518.jar;C:\Users\olnat\.m2\repository\jaxen\jaxen\1.1.6\jaxen-1.1.6.jar;C:\Users\olnat\.m2\repository\net\sf\saxon\Saxon-HE\10.1\Saxon-HE-10.1.jar;"/>
    <property name="sun.cpu.endian" value="little"/>
    <property name="user.home" value="C:\Users\olnat"/>
    <property name="user.language" value="ru"/>
    <property name="java.specification.vendor" value="Oracle Corporation"/>
    <property name="java.version.date" value="2020-07-14"/>
    <property name="java.home" value="C:\Program Files\Java\jdk-14.0.2"/>
    <property name="file.separator" value="\"/>
    <property name="basedir" value="C:\Users\olnat\Downloads\javaqa-code-master\javaqa-code-master\statisticPlugin"/>
    <property name="java.vm.compressedOopsMode" value="32-bit"/>
    <property name="line.separator" value="&#10;"/>
    <property name="java.vm.specification.vendor" value="Oracle Corporation"/>
    <property name="java.specification.name" value="Java Platform API Specification"/>
    <property name="surefire.real.class.path" value="C:\Users\olnat\AppData\Local\Temp\surefire2283638073877851339\surefirebooter13577640584980892069.jar"/>
    <property name="user.script" value=""/>
    <property name="sun.management.compiler" value="HotSpot 64-Bit Tiered Compilers"/>
    <property name="java.runtime.version" value="14.0.2+12-46"/>
    <property name="user.name" value="olnat"/>
    <property name="path.separator" value=";"/>
    <property name="os.version" value="10.0"/>
    <property name="java.runtime.name" value="Java(TM) SE Runtime Environment"/>
    <property name="file.encoding" value="Cp1251"/>
    <property name="java.vm.name" value="Java HotSpot(TM) 64-Bit Server VM"/>
    <property name="localRepository" value="C:\Users\olnat\.m2\repository"/>
    <property name="java.vendor.url.bug" value="https://bugreport.java.com/bugreport/"/>
    <property name="java.io.tmpdir" value="C:\Users\olnat\AppData\Local\Temp\"/>
    <property name="idea.version" value="2020.2"/>
    <property name="java.version" value="14.0.2"/>
    <property name="user.dir" value="C:\Users\olnat\Downloads\javaqa-code-master\javaqa-code-master\statisticPlugin"/>
    <property name="os.arch" value="amd64"/>
    <property name="java.vm.specification.name" value="Java Virtual Machine Specification"/>
    <property name="sun.os.patch.level" value=""/>
    <property name="java.library.path" value="C:\Program Files\Java\jdk-14.0.2\bin;C:\WINDOWS\Sun\Java\bin;C:\WINDOWS\system32;C:\WINDOWS;C:\Program Files\AdoptOpenJDK\jdk-11.0.8.10-hotspot\bin;C:\WINDOWS\system32;C:\WINDOWS;C:\WINDOWS\System32\Wbem;C:\WINDOWS\System32\WindowsPowerShell\v1.0\;C:\WINDOWS\System32\OpenSSH\;C:\Program Files (x86)\Intel\Intel(R) Management Engine Components\DAL;C:\Program Files\Intel\Intel(R) Management Engine Components\DAL;C:\Program Files\Intel\WiFi\bin\;C:\Program Files\Common Files\Intel\WirelessCommon\;C:\Program Files\Git\cmd;C:\Go\bin;C:\Program Files\Java\jdk-14.0.2\bin;C:\Users\olnat\AppData\Local\Microsoft\WindowsApps;C:\Users\olnat\AppData\Local\Programs\Microsoft VS Code\bin;C:\Users\olnat\go\bin;."/>
    <property name="java.vm.info" value="mixed mode, sharing"/>
    <property name="java.vendor" value="Oracle Corporation"/>
    <property name="java.vm.version" value="14.0.2+12-46"/>
    <property name="sun.io.unicode.encoding" value="UnicodeLittle"/>
    <property name="java.class.version" value="58.0"/>
  </properties>
  <testcase name="findMax" classname="ru.netology.statistic.StatisticsServiceTest" time="0.059"/>
  <testcase name="findMax1" classname="ru.netology.statistic.StatisticsServiceTest" time="0.002"/>
</testsuite>